6.30上午：
配置spark 因网速问题多次下载失败，最后终于成功下载解压。
配置hadoop 下载过程顺利 解压时遇到无权限问题 通过“以管理员身份解压”成功解决。
因spark和hadoop配置到根目录时多了一级文件目录，配置环境变量路径错误，导致在命令行操作中出现问题。重新更改文件目录，得到解决。
在命令行输入pyspark时弹出错误"ERROR Shell: Failed to locate the winutils binary in the hadoop binary path"，发现是少了winutils.exe程序，最后得以解决。
6.30下午：
完成了气象数据的获取
完成了安装数据分析相关的依赖包 因为之前安装过其中的两个，所以只新安装了剩余两个。
完成了数据清洗工作（只是6.28当日的部分数据 全部数据清洗工作后续进行）
只是完成了VMware 和乌班图的下载安装 并未完成配置等操作 配置操作在今天余下时间及明天完成
简单学习了ARIMA模型 但没看懂.... 后续继续学习

7.1上午：
配置虚拟机过程中充满艰辛，现在还在挣扎在虚拟机网络配置环节 预计下午就可完成
学习了ARIMA模型内容
7.1下午
小组组会明确了之后的方向 
继续配置虚拟机网络部分 
继续学习ARIMA模型内容

7.2
跳过了虚拟机配置部分 等完整完成主线内容后继续研究（坑掉太多了）
学习了解json数据相关知识  尝试初步处理json数据格式
初步建立了基于时间序列的数据模型:
包括: 导入训练数据 展示原始数据 差分 选择了ARIMA模型 验证模型 最后初步生成了预测数据

7.3上午
目前已初步完成json数据格式处理
正在试图学习利用数据模型创建python接口程序
但目前仍存在某些库函数无法调用等问题阻碍进度 正在尝试解决
7.3下午
继续进行上午未完善的工作  
电脑突然暴毙（开不开机，已经送去修理，明天可以正常工作）

7.4
学习并初步尝试创建python处理类使其与已完成的时间序列数据模型对接

7.5上午：
处理ARIMA模型所run出来的气温信息进行归纳整理
将整理好的信息统一处理为json标准数据格式
7.5下午
初步尝试数据传输，传输预测图形以及json格式的预测数据。
将近些天ARIMA模型预测的数据以标准化json数据格式处理。
7.5晚上
继续下午的内容

7.6
完成了小组上一阶段的内容 重新将接下来剩余的工作间进行了分工
学习flask模型框架 初步入手创建了第一个建议web程序
之后会研究flask数据传输部分知识 将前后端实现数据对接
晚上补充:
完成了flask接收客户端的get请求，读取本地json文件并将文件内容返回给客户端。
也可跳过客户端get指令直接指定本地文件路径进行传输操作。
        
7.7上午
继续完善flask模型
研究python接口中的华氏度转摄氏度 四舍五入取整函数的加入。
